Analysis & Synthesis report for mouse
Wed Jun 14 00:09:54 2017
Quartus II 32-bit Version 13.0.1 Build 232 06/12/2013 Service Pack 1 SJ Web Edition


---------------------
; Table of Contents ;
---------------------
  1. Legal Notice
  2. Analysis & Synthesis Summary
  3. Analysis & Synthesis Settings
  4. Parallel Compilation
  5. Analysis & Synthesis Source Files Read
  6. Analysis & Synthesis Resource Usage Summary
  7. Analysis & Synthesis Resource Utilization by Entity
  8. State Machine - |mouse|mouse_ctrl:mousectrl|state
  9. Registers Removed During Synthesis
 10. General Register Statistics
 11. Inverted Register Statistics
 12. Multiplexer Restructuring Statistics (Restructuring Performed)
 13. Parameter Settings for User Entity Instance: mouse_ctrl:mousectrl
 14. Parameter Settings for User Entity Instance: mouse_ctrl:mousectrl|ps2_iobase:ps2io
 15. Port Connectivity Checks: "mouse_ctrl:mousectrl"
 16. Elapsed Time Per Partition
 17. Analysis & Synthesis Messages



----------------
; Legal Notice ;
----------------
Copyright (C) 1991-2013 Altera Corporation
Your use of Altera Corporation's design tools, logic functions 
and other software and tools, and its AMPP partner logic 
functions, and any output files from any of the foregoing 
(including device programming or simulation files), and any 
associated documentation or information are expressly subject 
to the terms and conditions of the Altera Program License 
Subscription Agreement, Altera MegaCore Function License 
Agreement, or other applicable license agreement, including, 
without limitation, that your use is for the sole purpose of 
programming logic devices manufactured by Altera and sold by 
Altera or its authorized distributors.  Please refer to the 
applicable agreement for further details.



+--------------------------------------------------------------------------------------+
; Analysis & Synthesis Summary                                                         ;
+------------------------------------+-------------------------------------------------+
; Analysis & Synthesis Status        ; Successful - Wed Jun 14 00:09:54 2017           ;
; Quartus II 32-bit Version          ; 13.0.1 Build 232 06/12/2013 SP 1 SJ Web Edition ;
; Revision Name                      ; mouse                                           ;
; Top-level Entity Name              ; mouse                                           ;
; Family                             ; Cyclone II                                      ;
; Total logic elements               ; 201                                             ;
;     Total combinational functions  ; 182                                             ;
;     Dedicated logic registers      ; 112                                             ;
; Total registers                    ; 112                                             ;
; Total pins                         ; 23                                              ;
; Total virtual pins                 ; 0                                               ;
; Total memory bits                  ; 0                                               ;
; Embedded Multiplier 9-bit elements ; 0                                               ;
; Total PLLs                         ; 0                                               ;
+------------------------------------+-------------------------------------------------+


+----------------------------------------------------------------------------------------------------------------------+
; Analysis & Synthesis Settings                                                                                        ;
+----------------------------------------------------------------------------+--------------------+--------------------+
; Option                                                                     ; Setting            ; Default Value      ;
+----------------------------------------------------------------------------+--------------------+--------------------+
; Device                                                                     ; EP2C20F484C7       ;                    ;
; Top-level entity name                                                      ; mouse              ; mouse              ;
; Family name                                                                ; Cyclone II         ; Cyclone IV GX      ;
; Use smart compilation                                                      ; Off                ; Off                ;
; Enable parallel Assembler and TimeQuest Timing Analyzer during compilation ; On                 ; On                 ;
; Enable compact report table                                                ; Off                ; Off                ;
; Restructure Multiplexers                                                   ; Auto               ; Auto               ;
; Create Debugging Nodes for IP Cores                                        ; Off                ; Off                ;
; Preserve fewer node names                                                  ; On                 ; On                 ;
; Disable OpenCore Plus hardware evaluation                                  ; Off                ; Off                ;
; Verilog Version                                                            ; Verilog_2001       ; Verilog_2001       ;
; VHDL Version                                                               ; VHDL_1993          ; VHDL_1993          ;
; State Machine Processing                                                   ; Auto               ; Auto               ;
; Safe State Machine                                                         ; Off                ; Off                ;
; Extract Verilog State Machines                                             ; On                 ; On                 ;
; Extract VHDL State Machines                                                ; On                 ; On                 ;
; Ignore Verilog initial constructs                                          ; Off                ; Off                ;
; Iteration limit for constant Verilog loops                                 ; 5000               ; 5000               ;
; Iteration limit for non-constant Verilog loops                             ; 250                ; 250                ;
; Add Pass-Through Logic to Inferred RAMs                                    ; On                 ; On                 ;
; Infer RAMs from Raw Logic                                                  ; On                 ; On                 ;
; Parallel Synthesis                                                         ; On                 ; On                 ;
; DSP Block Balancing                                                        ; Auto               ; Auto               ;
; NOT Gate Push-Back                                                         ; On                 ; On                 ;
; Power-Up Don't Care                                                        ; On                 ; On                 ;
; Remove Redundant Logic Cells                                               ; Off                ; Off                ;
; Remove Duplicate Registers                                                 ; On                 ; On                 ;
; Ignore CARRY Buffers                                                       ; Off                ; Off                ;
; Ignore CASCADE Buffers                                                     ; Off                ; Off                ;
; Ignore GLOBAL Buffers                                                      ; Off                ; Off                ;
; Ignore ROW GLOBAL Buffers                                                  ; Off                ; Off                ;
; Ignore LCELL Buffers                                                       ; Off                ; Off                ;
; Ignore SOFT Buffers                                                        ; On                 ; On                 ;
; Limit AHDL Integers to 32 Bits                                             ; Off                ; Off                ;
; Optimization Technique                                                     ; Balanced           ; Balanced           ;
; Carry Chain Length                                                         ; 70                 ; 70                 ;
; Auto Carry Chains                                                          ; On                 ; On                 ;
; Auto Open-Drain Pins                                                       ; On                 ; On                 ;
; Perform WYSIWYG Primitive Resynthesis                                      ; Off                ; Off                ;
; Auto ROM Replacement                                                       ; On                 ; On                 ;
; Auto RAM Replacement                                                       ; On                 ; On                 ;
; Auto Shift Register Replacement                                            ; Auto               ; Auto               ;
; Allow Shift Register Merging across Hierarchies                            ; Auto               ; Auto               ;
; Auto Clock Enable Replacement                                              ; On                 ; On                 ;
; Strict RAM Replacement                                                     ; Off                ; Off                ;
; Allow Synchronous Control Signals                                          ; On                 ; On                 ;
; Force Use of Synchronous Clear Signals                                     ; Off                ; Off                ;
; Auto RAM to Logic Cell Conversion                                          ; Off                ; Off                ;
; Auto Resource Sharing                                                      ; Off                ; Off                ;
; Allow Any RAM Size For Recognition                                         ; Off                ; Off                ;
; Allow Any ROM Size For Recognition                                         ; Off                ; Off                ;
; Allow Any Shift Register Size For Recognition                              ; Off                ; Off                ;
; Use LogicLock Constraints during Resource Balancing                        ; On                 ; On                 ;
; Ignore translate_off and synthesis_off directives                          ; Off                ; Off                ;
; Timing-Driven Synthesis                                                    ; Off                ; Off                ;
; Report Parameter Settings                                                  ; On                 ; On                 ;
; Report Source Assignments                                                  ; On                 ; On                 ;
; Report Connectivity Checks                                                 ; On                 ; On                 ;
; Ignore Maximum Fan-Out Assignments                                         ; Off                ; Off                ;
; Synchronization Register Chain Length                                      ; 2                  ; 2                  ;
; PowerPlay Power Optimization                                               ; Normal compilation ; Normal compilation ;
; HDL message level                                                          ; Level2             ; Level2             ;
; Suppress Register Optimization Related Messages                            ; Off                ; Off                ;
; Number of Removed Registers Reported in Synthesis Report                   ; 5000               ; 5000               ;
; Number of Swept Nodes Reported in Synthesis Report                         ; 5000               ; 5000               ;
; Number of Inverted Registers Reported in Synthesis Report                  ; 100                ; 100                ;
; Clock MUX Protection                                                       ; On                 ; On                 ;
; Auto Gated Clock Conversion                                                ; Off                ; Off                ;
; Block Design Naming                                                        ; Auto               ; Auto               ;
; SDC constraint protection                                                  ; Off                ; Off                ;
; Synthesis Effort                                                           ; Auto               ; Auto               ;
; Shift Register Replacement - Allow Asynchronous Clear Signal               ; On                 ; On                 ;
; Pre-Mapping Resynthesis Optimization                                       ; Off                ; Off                ;
; Analysis & Synthesis Message Level                                         ; Medium             ; Medium             ;
; Disable Register Merging Across Hierarchies                                ; Auto               ; Auto               ;
; Resource Aware Inference For Block RAM                                     ; On                 ; On                 ;
; Synthesis Seed                                                             ; 1                  ; 1                  ;
+----------------------------------------------------------------------------+--------------------+--------------------+


Parallel compilation was disabled, but you have multiple processors available. Enable parallel compilation to reduce compilation time.
+-------------------------------------+
; Parallel Compilation                ;
+----------------------------+--------+
; Processors                 ; Number ;
+----------------------------+--------+
; Number detected on machine ; 4      ;
; Maximum allowed            ; 1      ;
+----------------------------+--------+


+-------------------------------------------------------------------------------------------------------------------------------------------------------+
; Analysis & Synthesis Source Files Read                                                                                                                ;
+----------------------------------+-----------------+-----------------+----------------------------------------------------------------------+---------+
; File Name with User-Entered Path ; Used in Netlist ; File Type       ; File Name with Absolute Path                                         ; Library ;
+----------------------------------+-----------------+-----------------+----------------------------------------------------------------------+---------+
; ps2_iobase.vhd                   ; yes             ; User VHDL File  ; /home/ec2015/ra166215/PorrinhaGame/PorrinhaGame/mouse/ps2_iobase.vhd ;         ;
; mouse_ctrl.vhd                   ; yes             ; User VHDL File  ; /home/ec2015/ra166215/PorrinhaGame/PorrinhaGame/mouse/mouse_ctrl.vhd ;         ;
; mouse.vhd                        ; yes             ; User VHDL File  ; /home/ec2015/ra166215/PorrinhaGame/PorrinhaGame/mouse/mouse.vhd      ;         ;
+----------------------------------+-----------------+-----------------+----------------------------------------------------------------------+---------+


+-----------------------------------------------------------+
; Analysis & Synthesis Resource Usage Summary               ;
+---------------------------------------------+-------------+
; Resource                                    ; Usage       ;
+---------------------------------------------+-------------+
; Estimated Total logic elements              ; 201         ;
;                                             ;             ;
; Total combinational functions               ; 182         ;
; Logic element usage by number of LUT inputs ;             ;
;     -- 4 input functions                    ; 75          ;
;     -- 3 input functions                    ; 29          ;
;     -- <=2 input functions                  ; 78          ;
;                                             ;             ;
; Logic elements by mode                      ;             ;
;     -- normal mode                          ; 140         ;
;     -- arithmetic mode                      ; 42          ;
;                                             ;             ;
; Total registers                             ; 112         ;
;     -- Dedicated logic registers            ; 112         ;
;     -- I/O registers                        ; 0           ;
;                                             ;             ;
; I/O pins                                    ; 23          ;
; Embedded Multiplier 9-bit elements          ; 0           ;
; Maximum fan-out node                        ; CLOCK_24[0] ;
; Maximum fan-out                             ; 72          ;
; Total fan-out                               ; 941         ;
; Average fan-out                             ; 2.97        ;
+---------------------------------------------+-------------+


+------------------------------------------------------------------------------------------------------------------------------------------------------------------------------------------------------+
; Analysis & Synthesis Resource Utilization by Entity                                                                                                                                                  ;
+----------------------------+-------------------+--------------+-------------+--------------+---------+-----------+------+--------------+----------------------------------------------+--------------+
; Compilation Hierarchy Node ; LC Combinationals ; LC Registers ; Memory Bits ; DSP Elements ; DSP 9x9 ; DSP 18x18 ; Pins ; Virtual Pins ; Full Hierarchy Name                          ; Library Name ;
+----------------------------+-------------------+--------------+-------------+--------------+---------+-----------+------+--------------+----------------------------------------------+--------------+
; |mouse                     ; 182 (2)           ; 112 (0)      ; 0           ; 0            ; 0       ; 0         ; 23   ; 0            ; |mouse                                       ; work         ;
;    |mouse_ctrl:mousectrl|  ; 180 (36)          ; 112 (31)     ; 0           ; 0            ; 0       ; 0         ; 0    ; 0            ; |mouse|mouse_ctrl:mousectrl                  ; work         ;
;       |ps2_iobase:ps2io|   ; 144 (144)         ; 81 (81)      ; 0           ; 0            ; 0       ; 0         ; 0    ; 0            ; |mouse|mouse_ctrl:mousectrl|ps2_iobase:ps2io ; work         ;
+----------------------------+-------------------+--------------+-------------+--------------+---------+-----------+------+--------------+----------------------------------------------+--------------+
Note: For table entries with two numbers listed, the numbers in parentheses indicate the number of resources of the given type used by the specific entity alone. The numbers listed outside of parentheses indicate the total resources of the given type used by the specific entity and all of its sub-entities in the hierarchy.


Encoding Type:  One-Hot
+-----------------------------------------------------------------------------------------+
; State Machine - |mouse|mouse_ctrl:mousectrl|state                                       ;
+---------------+-------------+---------------+---------------+------------+--------------+
; Name          ; state.CLEAR ; state.NEXTCMD ; state.WAITACK ; state.SEND ; state.SETCMD ;
+---------------+-------------+---------------+---------------+------------+--------------+
; state.SETCMD  ; 0           ; 0             ; 0             ; 0          ; 0            ;
; state.SEND    ; 0           ; 0             ; 0             ; 1          ; 1            ;
; state.WAITACK ; 0           ; 0             ; 1             ; 0          ; 1            ;
; state.NEXTCMD ; 0           ; 1             ; 0             ; 0          ; 1            ;
; state.CLEAR   ; 1           ; 0             ; 0             ; 0          ; 1            ;
+---------------+-------------+---------------+---------------+------------+--------------+


+---------------------------------------------------------------------------------------------+
; Registers Removed During Synthesis                                                          ;
+----------------------------------------------------+----------------------------------------+
; Register name                                      ; Reason for Removal                     ;
+----------------------------------------------------+----------------------------------------+
; mouse_ctrl:mousectrl|ps2_iobase:ps2io|ps2_clk~reg0 ; Stuck at GND due to stuck port data_in ;
; mouse_ctrl:mousectrl|\process_1:count[2]           ; Stuck at GND due to stuck port data_in ;
; Total Number of Removed Registers = 2              ;                                        ;
+----------------------------------------------------+----------------------------------------+


+------------------------------------------------------+
; General Register Statistics                          ;
+----------------------------------------------+-------+
; Statistic                                    ; Value ;
+----------------------------------------------+-------+
; Total registers                              ; 112   ;
; Number of registers using Synchronous Clear  ; 0     ;
; Number of registers using Synchronous Load   ; 0     ;
; Number of registers using Asynchronous Clear ; 102   ;
; Number of registers using Asynchronous Load  ; 0     ;
; Number of registers using Clock Enable       ; 69    ;
; Number of registers using Preset             ; 0     ;
+----------------------------------------------+-------+


+----------------------------------------------------------------+
; Inverted Register Statistics                                   ;
+------------------------------------------------------+---------+
; Inverted Register                                    ; Fan out ;
+------------------------------------------------------+---------+
; mouse_ctrl:mousectrl|ps2_iobase:ps2io|sigclkreleased ; 3       ;
; Total number of inverted registers = 1               ;         ;
+------------------------------------------------------+---------+


+----------------------------------------------------------------------------------------------------------------------------------------------------------------------+
; Multiplexer Restructuring Statistics (Restructuring Performed)                                                                                                       ;
+--------------------+-----------+---------------+----------------------+------------------------+------------+--------------------------------------------------------+
; Multiplexer Inputs ; Bus Width ; Baseline Area ; Area if Restructured ; Saving if Restructured ; Registered ; Example Multiplexer Output                             ;
+--------------------+-----------+---------------+----------------------+------------------------+------------+--------------------------------------------------------+
; 3:1                ; 12 bits   ; 24 LEs        ; 0 LEs                ; 24 LEs                 ; Yes        ; |mouse|mouse_ctrl:mousectrl|ps2_iobase:ps2io|count[2]  ;
; 3:1                ; 6 bits    ; 12 LEs        ; 6 LEs                ; 6 LEs                  ; Yes        ; |mouse|mouse_ctrl:mousectrl|ps2_iobase:ps2io|rcount[3] ;
; 3:1                ; 6 bits    ; 12 LEs        ; 6 LEs                ; 6 LEs                  ; Yes        ; |mouse|mouse_ctrl:mousectrl|ps2_iobase:ps2io|fcount[1] ;
; 3:1                ; 2 bits    ; 4 LEs         ; 2 LEs                ; 2 LEs                  ; Yes        ; |mouse|mouse_ctrl:mousectrl|ps2_iobase:ps2io|rcount[5] ;
; 3:1                ; 2 bits    ; 4 LEs         ; 2 LEs                ; 2 LEs                  ; Yes        ; |mouse|mouse_ctrl:mousectrl|ps2_iobase:ps2io|fcount[5] ;
; 5:1                ; 2 bits    ; 6 LEs         ; 2 LEs                ; 4 LEs                  ; No         ; |mouse|mouse_ctrl:mousectrl|state                      ;
+--------------------+-----------+---------------+----------------------+------------------------+------------+--------------------------------------------------------+


+-------------------------------------------------------------------+
; Parameter Settings for User Entity Instance: mouse_ctrl:mousectrl ;
+----------------+-------+------------------------------------------+
; Parameter Name ; Value ; Type                                     ;
+----------------+-------+------------------------------------------+
; clkfreq        ; 24000 ; Signed Integer                           ;
+----------------+-------+------------------------------------------+
Note: In order to hide this table in the UI and the text report file, please set the "Show Parameter Settings in Synthesis Report" option in "Analysis and Synthesis Settings -> More Settings" to "Off".


+------------------------------------------------------------------------------------+
; Parameter Settings for User Entity Instance: mouse_ctrl:mousectrl|ps2_iobase:ps2io ;
+----------------+-------+-----------------------------------------------------------+
; Parameter Name ; Value ; Type                                                      ;
+----------------+-------+-----------------------------------------------------------+
; clkfreq        ; 24000 ; Signed Integer                                            ;
+----------------+-------+-----------------------------------------------------------+
Note: In order to hide this table in the UI and the text report file, please set the "Show Parameter Settings in Synthesis Report" option in "Analysis and Synthesis Settings -> More Settings" to "Off".


+-------------------------------------------------------------------------------------------------------------------+
; Port Connectivity Checks: "mouse_ctrl:mousectrl"                                                                  ;
+---------+--------+----------+-------------------------------------------------------------------------------------+
; Port    ; Type   ; Severity ; Details                                                                             ;
+---------+--------+----------+-------------------------------------------------------------------------------------+
; en      ; Input  ; Info     ; Stuck at VCC                                                                        ;
; newdata ; Output ; Info     ; Connected to dangling logic. Logic that only feeds a dangling port will be removed. ;
; dx      ; Output ; Info     ; Connected to dangling logic. Logic that only feeds a dangling port will be removed. ;
; dy      ; Output ; Info     ; Connected to dangling logic. Logic that only feeds a dangling port will be removed. ;
+---------+--------+----------+-------------------------------------------------------------------------------------+


+-------------------------------+
; Elapsed Time Per Partition    ;
+----------------+--------------+
; Partition Name ; Elapsed Time ;
+----------------+--------------+
; Top            ; 00:00:00     ;
+----------------+--------------+


+-------------------------------+
; Analysis & Synthesis Messages ;
+-------------------------------+
Info: *******************************************************************
Info: Running Quartus II 32-bit Analysis & Synthesis
    Info: Version 13.0.1 Build 232 06/12/2013 Service Pack 1 SJ Web Edition
    Info: Processing started: Wed Jun 14 00:09:53 2017
Info: Command: quartus_map --read_settings_files=on --write_settings_files=off mouse -c mouse
Warning (20028): Parallel compilation is not licensed and has been disabled
Info (12021): Found 2 design units, including 1 entities, in source file ps2_iobase.vhd
    Info (12022): Found design unit 1: ps2_iobase-rtl
    Info (12023): Found entity 1: ps2_iobase
Info (12021): Found 2 design units, including 1 entities, in source file mouse_ctrl.vhd
    Info (12022): Found design unit 1: mouse_ctrl-rtl
    Info (12023): Found entity 1: mouse_ctrl
Info (12021): Found 2 design units, including 1 entities, in source file mouse.vhd
    Info (12022): Found design unit 1: mouse-struct
    Info (12023): Found entity 1: mouse
Info (12127): Elaborating entity "mouse" for the top level hierarchy
Warning (10036): Verilog HDL or VHDL warning at mouse.vhd(44): object "signewdata" assigned a value but never read
Warning (10036): Verilog HDL or VHDL warning at mouse.vhd(45): object "dx" assigned a value but never read
Warning (10036): Verilog HDL or VHDL warning at mouse.vhd(45): object "dy" assigned a value but never read
Warning (10873): Using initial value X (don't care) for net "LEDR[8]" at mouse.vhd(17)
Warning (10873): Using initial value X (don't care) for net "LEDR[6..0]" at mouse.vhd(17)
Info (12128): Elaborating entity "mouse_ctrl" for hierarchy "mouse_ctrl:mousectrl"
Info (12128): Elaborating entity "ps2_iobase" for hierarchy "mouse_ctrl:mousectrl|ps2_iobase:ps2io"
Warning (10492): VHDL Process Statement warning at ps2_iobase.vhd(161): signal "sigsending" is read inside the Process Statement but isn't in the Process Statement's sensitivity list
Info (13000): Registers with preset signals will power-up high
Info (13003): DEV_CLRn pin will set, and not reset, register with preset signal due to NOT Gate Push-Back
Warning (13004): Presettable and clearable registers converted to equivalent circuits with latches. Registers power-up to an undefined state, and DEVCLRn places the registers in an undefined state.
    Warning (13310): Register "mouse_ctrl:mousectrl|ps2_iobase:ps2io|ps2_data~en" is converted into an equivalent circuit using register "mouse_ctrl:mousectrl|ps2_iobase:ps2io|ps2_data~en_emulated" and latch "mouse_ctrl:mousectrl|ps2_iobase:ps2io|ps2_data~1"
    Warning (13310): Register "mouse_ctrl:mousectrl|ps2_iobase:ps2io|send_rdy" is converted into an equivalent circuit using register "mouse_ctrl:mousectrl|ps2_iobase:ps2io|send_rdy~_emulated" and latch "mouse_ctrl:mousectrl|ps2_iobase:ps2io|send_rdy~1"
Warning (13024): Output pins are stuck at VCC or GND
    Warning (13410): Pin "LEDR[0]" is stuck at GND
    Warning (13410): Pin "LEDR[1]" is stuck at GND
    Warning (13410): Pin "LEDR[2]" is stuck at GND
    Warning (13410): Pin "LEDR[3]" is stuck at GND
    Warning (13410): Pin "LEDR[4]" is stuck at GND
    Warning (13410): Pin "LEDR[5]" is stuck at GND
    Warning (13410): Pin "LEDR[6]" is stuck at GND
    Warning (13410): Pin "LEDR[8]" is stuck at GND
Critical Warning (18061): Ignored Power-Up Level option on the following registers
    Critical Warning (18010): Register mouse_ctrl:mousectrl|ps2_iobase:ps2io|fcount[7] will power up to Low
    Critical Warning (18010): Register mouse_ctrl:mousectrl|ps2_iobase:ps2io|fcount[5] will power up to Low
    Critical Warning (18010): Register mouse_ctrl:mousectrl|ps2_iobase:ps2io|rcount[7] will power up to Low
    Critical Warning (18010): Register mouse_ctrl:mousectrl|ps2_iobase:ps2io|rcount[5] will power up to Low
Info (16010): Generating hard_block partition "hard_block:auto_generated_inst"
    Info (16011): Adding 0 node(s), including 0 DDIO, 0 PLL, 0 transceiver and 0 LCELL
Warning (21074): Design contains 4 input pin(s) that do not drive logic
    Warning (15610): No output dependent on input pin "CLOCK_24[1]"
    Warning (15610): No output dependent on input pin "KEY[1]"
    Warning (15610): No output dependent on input pin "KEY[2]"
    Warning (15610): No output dependent on input pin "KEY[3]"
Info (21057): Implemented 226 device resources after synthesis - the final resource count might be different
    Info (21058): Implemented 6 input pins
    Info (21059): Implemented 15 output pins
    Info (21060): Implemented 2 bidirectional pins
    Info (21061): Implemented 203 logic cells
Info: Quartus II 32-bit Analysis & Synthesis was successful. 0 errors, 29 warnings
    Info: Peak virtual memory: 365 megabytes
    Info: Processing ended: Wed Jun 14 00:09:54 2017
    Info: Elapsed time: 00:00:01
    Info: Total CPU time (on all processors): 00:00:02


